This is pdfTeXk, Version 3.141592-1.40.3 (Web2C 7.5.6) (format=pdflatex 2012.8.28)  11 JUN 2013 12:11
entering extended mode
 %&-line parsing enabled.
**dnaneet_06112013a.tex
(./dnaneet_06112013a.tex
LaTeX2e <2005/12/01>
Babel <v3.8h> and hyphenation patterns for english, usenglishmax, dumylang, noh
yphenation, arabic, basque, bulgarian, coptic, welsh, czech, slovak, german, ng
erman, danish, esperanto, spanish, catalan, galician, estonian, farsi, finnish,
 french, greek, monogreek, ancientgreek, croatian, hungarian, interlingua, ibyc
us, indonesian, icelandic, italian, latin, mongolian, dutch, norsk, polish, por
tuguese, pinyin, romanian, russian, slovenian, uppersorbian, serbian, swedish, 
turkish, ukenglish, ukrainian, loaded.
(/usr/share/texmf/tex/latex/base/article.cls
Document Class: article 2005/09/16 v1.4f Standard LaTeX document class
(/usr/share/texmf/tex/latex/base/size12.clo
File: size12.clo 2005/09/16 v1.4f Standard LaTeX file (size option)
)
\c@part=\count79
\c@section=\count80
\c@subsection=\count81
\c@subsubsection=\count82
\c@paragraph=\count83
\c@subparagraph=\count84
\c@figure=\count85
\c@table=\count86
\abovecaptionskip=\skip41
\belowcaptionskip=\skip42
\bibindent=\dimen102
)
(/usr/share/texmf/tex/latex/geometry/geometry.sty
Package: geometry 2002/07/08 v3.2 Page Geometry

(/usr/share/texmf/tex/latex/graphics/keyval.sty
Package: keyval 1999/03/16 v1.13 key=value parser (DPC)
\KV@toks@=\toks14
)
\Gm@cnth=\count87
\Gm@cntv=\count88
\c@Gm@tempcnt=\count89
\Gm@bindingoffset=\dimen103
\Gm@wd@mp=\dimen104
\Gm@odd@mp=\dimen105
\Gm@even@mp=\dimen106
\Gm@dimlist=\toks15
)
(/usr/share/texmf/tex/latex/preprint/authblk.sty
Package: authblk 2001/02/27 1.3 (PWD)
\affilsep=\skip43
\@affilsep=\skip44
\c@Maxaffil=\count90
\c@authors=\count91
\c@affil=\count92
)
(/usr/share/texmf/tex/latex/setspace/setspace.sty
Package: setspace 2000/12/01 6.7 Contributed and Supported LaTeX2e package

Package: `setspace' 6.7 <2000/12/01>
) (/usr/share/texmf/tex/latex/subfig/subfig.sty
Package: subfig 2005/06/28 ver: 1.3 subfig package

(/usr/share/texmf/tex/latex/caption/caption.sty
Package: caption 2007/01/07 v3.0k Customising captions (AR)

(/usr/share/texmf/tex/latex/caption/caption3.sty
Package: caption3 2007/01/07 v3.0k caption3 kernel (AR)
\captionmargin=\dimen107
\captionmarginx=\dimen108
\captionwidth=\dimen109
\captionindent=\dimen110
\captionparindent=\dimen111
\captionhangindent=\dimen112
))
\c@KVtest=\count93
\sf@farskip=\skip45
\sf@captopadj=\dimen113
\sf@capskip=\skip46
\sf@nearskip=\skip47
\c@subfigure=\count94
\c@subfigure@save=\count95
\c@lofdepth=\count96
\c@subtable=\count97
\c@subtable@save=\count98
\c@lotdepth=\count99
\sf@top=\skip48
\sf@bottom=\skip49
)
(/usr/share/texmf/tex/latex/amsmath/amsmath.sty
Package: amsmath 2000/07/18 v2.13 AMS math features
\@mathmargin=\skip50

For additional information on amsmath, use the `?' option.
(/usr/share/texmf/tex/latex/amsmath/amstext.sty
Package: amstext 2000/06/29 v2.01

(/usr/share/texmf/tex/latex/amsmath/amsgen.sty
File: amsgen.sty 1999/11/30 v2.0
\@emptytoks=\toks16
\ex@=\dimen114
))
(/usr/share/texmf/tex/latex/amsmath/amsbsy.sty
Package: amsbsy 1999/11/29 v1.2d
\pmbraise@=\dimen115
)
(/usr/share/texmf/tex/latex/amsmath/amsopn.sty
Package: amsopn 1999/12/14 v2.01 operator names
)
\inf@bad=\count100
LaTeX Info: Redefining \frac on input line 211.
\uproot@=\count101
\leftroot@=\count102
LaTeX Info: Redefining \overline on input line 307.
\classnum@=\count103
\DOTSCASE@=\count104
LaTeX Info: Redefining \ldots on input line 379.
LaTeX Info: Redefining \dots on input line 382.
LaTeX Info: Redefining \cdots on input line 467.
\Mathstrutbox@=\box26
\strutbox@=\box27
\big@size=\dimen116
LaTeX Font Info:    Redeclaring font encoding OML on input line 567.
LaTeX Font Info:    Redeclaring font encoding OMS on input line 568.
\macc@depth=\count105
\c@MaxMatrixCols=\count106
\dotsspace@=\muskip10
\c@parentequation=\count107
\dspbrk@lvl=\count108
\tag@help=\toks17
\row@=\count109
\column@=\count110
\maxfields@=\count111
\andhelp@=\toks18
\eqnshift@=\dimen117
\alignsep@=\dimen118
\tagshift@=\dimen119
\tagwidth@=\dimen120
\totwidth@=\dimen121
\lineht@=\dimen122
\@envbody=\toks19
\multlinegap=\skip51
\multlinetaggap=\skip52
\mathdisplay@stack=\toks20
LaTeX Info: Redefining \[ on input line 2666.
LaTeX Info: Redefining \] on input line 2667.
)
(/usr/share/texmf/tex/latex/amsfonts/amsfonts.sty
Package: amsfonts 2001/10/25 v2.2f
\symAMSa=\mathgroup4
\symAMSb=\mathgroup5
LaTeX Font Info:    Overwriting math alphabet `\mathfrak' in version `bold'
(Font)                  U/euf/m/n --> U/euf/b/n on input line 132.
)
(/usr/share/texmf/tex/latex/amsfonts/amssymb.sty
Package: amssymb 2002/01/22 v2.2d
)
(/usr/share/texmf/tex/latex/graphics/graphicx.sty
Package: graphicx 1999/02/16 v1.0f Enhanced LaTeX Graphics (DPC,SPQR)

(/usr/share/texmf/tex/latex/graphics/graphics.sty
Package: graphics 2006/02/20 v1.0o Standard LaTeX Graphics (DPC,SPQR)

(/usr/share/texmf/tex/latex/graphics/trig.sty
Package: trig 1999/03/16 v1.09 sin cos tan (DPC)
)
(/usr/share/texmf/tex/latex/config/graphics.cfg
File: graphics.cfg 2007/01/18 v1.5 graphics configuration of teTeX/TeXLive
)
Package graphics Info: Driver file: pdftex.def on input line 90.

(/usr/share/texmf/tex/latex/pdftex-def/pdftex.def
File: pdftex.def 2007/01/08 v0.04d Graphics/color for pdfTeX
\Gread@gobject=\count112
))
\Gin@req@height=\dimen123
\Gin@req@width=\dimen124
)
(/usr/share/texmf/tex/latex/natbib/natbib.sty
Package: natbib 2007/02/05 8.0 (PWD)
\bibhang=\skip53
\bibsep=\skip54
LaTeX Info: Redefining \cite on input line 602.
\c@NAT@ctr=\count113
)
(/usr/share/texmf/tex/generic/babel/babel.sty
Package: babel 2005/11/23 v3.8h The Babel package

(/usr/share/texmf/tex/generic/babel/english.ldf
Language: english 2005/03/30 v3.3o English support from the babel system

(/usr/share/texmf/tex/generic/babel/babel.def
File: babel.def 2005/11/23 v3.8h Babel common definitions
\babel@savecnt=\count114
\U@D=\dimen125
)
\l@british = a dialect from \language\l@english 
\l@UKenglish = a dialect from \language\l@english 
\l@canadian = a dialect from \language\l@american 
\l@australian = a dialect from \language\l@british 
\l@newzealand = a dialect from \language\l@british 
))
(/usr/share/texmf/tex/latex/base/fontenc.sty
Package: fontenc 2005/09/27 v1.99g Standard LaTeX package

(/usr/share/texmf/tex/latex/base/t1enc.def
File: t1enc.def 2005/09/27 v1.99g Standard LaTeX file
LaTeX Font Info:    Redeclaring font encoding T1 on input line 43.
))
(/usr/share/texmf/tex/latex/float/float.sty
Package: float 2001/11/08 v1.3d Float enhancements (AL)
\c@float@type=\count115
\float@exts=\toks21
\float@box=\box28
\@float@everytoks=\toks22
\@floatcapt=\box29
)
(/usr/share/texmf/tex/latex/oberdiek/grffile.sty
Package: grffile 2006/11/30 v1.2 Extended file name support for graphics (HO)

(/usr/share/texmf/tex/generic/oberdiek/ifpdf.sty
Package: ifpdf 2006/02/20 v1.4 Provides the ifpdf switch (HO)
Package ifpdf Info: pdfTeX in pdf mode detected.
)
(/usr/share/texmf/tex/latex/oberdiek/kvoptions.sty
Package: kvoptions 2006/08/22 v2.4 Connects package keyval with LaTeX options (
HO)
)
Package grffile Info: Option `multidot' is set to `true'.
Package grffile Info: Option `extendedchars' is set to `false'.
Package grffile Info: Option `space' is set to `true'.
) (./dnaneet_06112013a.aux)
\openout1 = `dnaneet_06112013a.aux'.

LaTeX Font Info:    Checking defaults for OML/cmm/m/it on input line 35.
LaTeX Font Info:    ... okay on input line 35.
LaTeX Font Info:    Checking defaults for T1/cmr/m/n on input line 35.
LaTeX Font Info:    ... okay on input line 35.
LaTeX Font Info:    Checking defaults for OT1/cmr/m/n on input line 35.
LaTeX Font Info:    ... okay on input line 35.
LaTeX Font Info:    Checking defaults for OMS/cmsy/m/n on input line 35.
LaTeX Font Info:    ... okay on input line 35.
LaTeX Font Info:    Checking defaults for OMX/cmex/m/n on input line 35.
LaTeX Font Info:    ... okay on input line 35.
LaTeX Font Info:    Checking defaults for U/cmr/m/n on input line 35.
LaTeX Font Info:    ... okay on input line 35.
-------------------- Geometry parameters
paper: letterpaper
landscape: --
twocolumn: --
twoside: --
asymmetric: --
h-parts: 71.13188pt, 472.03123pt, 71.13188pt
v-parts: 71.13188pt, 652.70622pt, 71.13188pt
hmarginratio: --
vmarginratio: --
lines: --
heightrounded: --
bindingoffset: 0.0pt
truedimen: --
includehead: --
includefoot: --
includemp: --
driver: pdftex
-------------------- Page layout dimensions and switches
\paperwidth  614.295pt
\paperheight 794.96999pt
\textwidth  472.03123pt
\textheight 652.70622pt
\oddsidemargin  -1.1381pt
\evensidemargin -1.1381pt
\topmargin  -38.1381pt
\headheight 12.0pt
\headsep    25.0pt
\footskip   30.0pt
\marginparwidth 35.0pt
\marginparsep   10.0pt
\columnsep  10.0pt
\skip\footins  10.8pt plus 4.0pt minus 2.0pt
\hoffset 0.0pt
\voffset 0.0pt
\mag 1000

(1in=72.27pt, 1cm=28.45pt)
-----------------------

(/usr/share/texmf/tex/latex/ragged2e/ragged2e.sty
Package: ragged2e 2003/03/25 v2.04 ragged2e Package (MS)

(/usr/share/texmf/tex/latex/everysel/everysel.sty
Package: everysel 1999/06/08 v1.03 EverySelectfont Package (MS)
LaTeX Info: Redefining \selectfont on input line 125.
)
\CenteringLeftskip=\skip55
\RaggedLeftLeftskip=\skip56
\RaggedRightLeftskip=\skip57
\CenteringRightskip=\skip58
\RaggedLeftRightskip=\skip59
\RaggedRightRightskip=\skip60
\CenteringParfillskip=\skip61
\RaggedLeftParfillskip=\skip62
\RaggedRightParfillskip=\skip63
\JustifyingParfillskip=\skip64
\CenteringParindent=\skip65
\RaggedLeftParindent=\skip66
\RaggedRightParindent=\skip67
\JustifyingParindent=\skip68
)
Package caption Info: float package v1.3 (or newer) detected on input line 35.
Package caption Info: subref 1.2 or 1.3 detected on input line 35.
LaTeX Info: Redefining \subref on input line 35.
LaTeX Font Info:    Try loading font information for U+msa on input line 36.

(/usr/share/texmf/tex/latex/amsfonts/umsa.fd
File: umsa.fd 2002/01/19 v2.2g AMS font definitions
)
LaTeX Font Info:    Try loading font information for U+msb on input line 36.

(/usr/share/texmf/tex/latex/amsfonts/umsb.fd
File: umsb.fd 2002/01/19 v2.2g AMS font definitions
)
Underfull \hbox (badness 10000) in paragraph at lines 47--48

 []


Underfull \hbox (badness 10000) in paragraph at lines 49--50

 []

[1

{/usr/share/texmf/fonts/map/pdftex/updmap/pdftex.map}]
Underfull \hbox (badness 10000) in paragraph at lines 51--52

 []


Underfull \hbox (badness 10000) in paragraph at lines 53--54

 []


Underfull \hbox (badness 10000) in paragraph at lines 55--56

 []


Underfull \hbox (badness 10000) in paragraph at lines 57--58

 []


Underfull \hbox (badness 10000) in paragraph at lines 59--60

 []

[2]
Overfull \hbox (7.00116pt too wide) in paragraph at lines 64--65
\T1/cmr/m/n/12 film is given by equa-tion 1[]. The non-dimensional pa-ram-e-ter
s, viz., $\OML/cmm/m/it/12 E; S; Ga; E; D; K; M; Pr; Ra$
 []

[3] [4] [5] (./dnaneet_06112013a.bbl [6] [7]) [8]
Underfull \hbox (badness 2600) in paragraph at lines 347--348
[]\T1/cmr/m/n/12 Momentum vs ther-
 []

[9

]
Underfull \hbox (badness 6047) in paragraph at lines 377--377
[]$\OML/cmm/m/it/12 S \OT1/cmr/m/n/12 = 100\OML/cmm/m/it/12 ; Ga \OT1/cmr/m/n/1
2 =
 []


Underfull \hbox (badness 10000) in paragraph at lines 377--378
[]\T1/cmr/m/n/12 93.78 (val-i-da-
 []


Underfull \hbox (badness 6047) in paragraph at lines 378--378
[]$\OML/cmm/m/it/12 S \OT1/cmr/m/n/12 = 100\OML/cmm/m/it/12 ; Ga \OT1/cmr/m/n/1
2 =
 []


Underfull \hbox (badness 1178) in paragraph at lines 379--379
[]$\OML/cmm/m/it/12 E \OT1/cmr/m/n/12 = 0\OML/cmm/m/it/12 :\OT1/cmr/m/n/12 0001
\OML/cmm/m/it/12 ; Ga \OT1/cmr/m/n/12 =
 []

<Fig1.pdf, id=50, 361.35pt x 285.065pt>
File: Fig1.pdf Graphic file (type pdf)
 <use Fig1.pdf>
<Fig9.pdf, id=51, 361.35pt x 285.065pt>
File: Fig9.pdf Graphic file (type pdf)
 <use Fig9.pdf>
<Fig3.pdf, id=52, 309.155pt x 277.035pt>
File: Fig3.pdf Graphic file (type pdf)
 <use Fig3.pdf>
<Fig11.pdf, id=53, 318.18875pt x 277.035pt>
File: Fig11.pdf Graphic file (type pdf)
 <use Fig11.pdf>
<Fig8.pdf, id=54, 310.15875pt x 277.035pt>
File: Fig8.pdf Graphic file (type pdf)
 <use Fig8.pdf>
<Fig4.pdf, id=55, 310.15875pt x 277.035pt>
File: Fig4.pdf Graphic file (type pdf)
 <use Fig4.pdf>
<Fig12.pdf, id=56, 310.15875pt x 277.035pt>
File: Fig12.pdf Graphic file (type pdf)
 <use Fig12.pdf>
<Fig16.pdf, id=57, 310.15875pt x 277.035pt>
File: Fig16.pdf Graphic file (type pdf)
 <use Fig16.pdf>
<Fig24.pdf, id=58, 310.15875pt x 277.035pt>
File: Fig24.pdf Graphic file (type pdf)
 <use Fig24.pdf>
<Fig25.pdf, id=59, 252.945pt x 155.58125pt>
File: Fig25.pdf Graphic file (type pdf)
 <use Fig25.pdf>
<Fig26.pdf, id=60, 252.945pt x 155.58125pt>
File: Fig26.pdf Graphic file (type pdf)
 <use Fig26.pdf>
<Fig27_2.pdf, id=61, 257.96375pt x 185.69376pt>
File: Fig27_2.pdf Graphic file (type pdf)
 <use Fig27_2.pdf> [10

] [11 <./Fig1.pdf> <./Fig9.pdf> <./Fig3.pdf> <./Fig11.pdf>] [12 <./Fig8.pdf> <.
/Fig4.pdf> <./Fig12.pdf>] [13 <./Fig16.pdf> <./Fig24.pdf>] [14 <./Fig25.pdf>] [
15 <./Fig26.pdf>] [16 <./Fig27_2.pdf>] (./dnaneet_06112013a.aux) ) 
Here is how much of TeX's memory you used:
 3621 strings out of 256216
 46697 string characters out of 1917072
 113533 words of memory out of 1500000
 6841 multiletter control sequences out of 10000+200000
 21459 words of font info for 59 fonts, out of 1200000 for 2000
 645 hyphenation exceptions out of 8191
 43i,13n,46p,1552b,333s stack positions out of 5000i,500n,6000p,200000b,15000s
 </home/campu
s16/dnaneet/.texlive2007/texmf-var/fonts/pk/ljfour/jknappen/ec/ecbx1440.600pk> 
</home/campus16/dnaneet/.texlive2007/texmf-var/fonts/pk/ljfour/jknappen/ec/ecti
1200.600pk> </home/campus16/dnaneet/.texlive2007/texmf-var/fonts/pk/ljfour/jkna
ppen/ec/ecrm0800.600pk> </home/campus16/dnaneet/.texlive2007/texmf-var/fonts/pk
/ljfour/jknappen/ec/ecrm1200.600pk> </home/campus16/dnaneet/.texlive2007/texmf-
var/fonts/pk/ljfour/jknappen/ec/ecbx1728.600pk> </home/campus16/dnaneet/.texliv
e2007/texmf-var/fonts/pk/ljfour/jknappen/ec/ecrm1095.600pk> </home/campus16/dna
neet/.texlive2007/texmf-var/fonts/pk/ljfour/jknappen/ec/ecbx1095.600pk> </home/
campus16/dnaneet/.texlive2007/texmf-var/fonts/pk/ljfour/jknappen/ec/ecrm1000.60
0pk> </home/campus16/dnaneet/.texlive2007/texmf-var/fonts/pk/ljfour/jknappen/ec
/ecrm1440.600pk> </home/campus16/dnaneet/.texlive2007/texmf-var/fonts/pk/ljfour
/jknappen/ec/ecrm2074.600pk></usr/share/texmf/fonts/type1/bluesky/cm/cmex10.pfb
></usr/share/texmf/fonts/type1/bluesky/cm/cmmi12.pfb></usr/share/texmf/fonts/ty
pe1/bluesky/cm/cmmi6.pfb></usr/share/texmf/fonts/type1/bluesky/cm/cmmi8.pfb></u
sr/share/texmf/fonts/type1/bluesky/cm/cmr12.pfb></usr/share/texmf/fonts/type1/b
luesky/cm/cmr6.pfb></usr/share/texmf/fonts/type1/bluesky/cm/cmr8.pfb></usr/shar
e/texmf/fonts/type1/bluesky/cm/cmsy10.pfb></usr/share/texmf/fonts/type1/bluesky
/cm/cmsy7.pfb></usr/share/texmf/fonts/type1/bluesky/cm/cmsy8.pfb>
Output written on dnaneet_06112013a.pdf (16 pages, 683281 bytes).
PDF statistics:
 581 PDF objects out of 1000 (max. 8388607)
 0 named destinations out of 1000 (max. 131072)
 61 words of extra memory for PDF output out of 10000 (max. 10000000)

